# JRE version: OpenJDK Runtime Environment (11.0.11+9) (build 11.0.11+9-b60-7590822)
# Java VM: OpenJDK 64-Bit Server VM (11.0.11+9-b60-7590822, mixed mode, tiered, compressed oops, g1 gc, windows-amd64)
Heap:
 garbage-first heap   total 503808K, used 214351K [0x0000000080000000, 0x0000000100000000)
  region size 1024K, 4 young (4096K), 4 survivors (4096K)
 Metaspace       used 137518K, capacity 140924K, committed 141108K, reserved 1171456K
  class space    used 17207K, capacity 18498K, committed 18560K, reserved 1048576K
GC Heap History (20 events):
Event: 2669.300 GC heap after
{Heap after GC invocations=47 (full 0):
 garbage-first heap   total 227328K, used 143360K [0x0000000080000000, 0x0000000100000000)
  region size 1024K, 2 young (2048K), 2 survivors (2048K)
 Metaspace       used 123484K, capacity 126154K, committed 127412K, reserved 1161216K
  class space    used 15155K, capacity 16202K, committed 16640K, reserved 1048576K
}
Event: 2669.923 GC heap before
{Heap before GC invocations=47 (full 0):
 garbage-first heap   total 227328K, used 186367K [0x0000000080000000, 0x0000000100000000)
  region size 1024K, 45 young (46080K), 2 survivors (2048K)
 Metaspace       used 125785K, capacity 128571K, committed 129716K, reserved 1163264K
  class space    used 15453K, capacity 16510K, committed 16896K, reserved 1048576K
}
Event: 2669.929 GC heap after
{Heap after GC invocations=48 (full 0):
 garbage-first heap   total 227328K, used 144346K [0x0000000080000000, 0x0000000100000000)
  region size 1024K, 3 young (3072K), 3 survivors (3072K)
 Metaspace       used 125785K, capacity 128571K, committed 129716K, reserved 1163264K
  class space    used 15453K, capacity 16510K, committed 16896K, reserved 1048576K
}
Event: 2670.424 GC heap before
{Heap before GC invocations=48 (full 0):
 garbage-first heap   total 227328K, used 187354K [0x0000000080000000, 0x0000000100000000)
  region size 1024K, 46 young (47104K), 3 survivors (3072K)
 Metaspace       used 128146K, capacity 130915K, committed 132020K, reserved 1165312K
  class space    used 15728K, capacity 16772K, committed 17152K, reserved 1048576K
}
Event: 2670.435 GC heap after
{Heap after GC invocations=49 (full 0):
 garbage-first heap   total 273408K, used 147375K [0x0000000080000000, 0x0000000100000000)
  region size 1024K, 6 young (6144K), 6 survivors (6144K)
 Metaspace       used 128146K, capacity 130915K, committed 132020K, reserved 1165312K
  class space    used 15728K, capacity 16772K, committed 17152K, reserved 1048576K
}
Event: 2671.019 GC heap before
{Heap before GC invocations=49 (full 0):
 garbage-first heap   total 273408K, used 204719K [0x0000000080000000, 0x0000000100000000)
  region size 1024K, 63 young (64512K), 6 survivors (6144K)
 Metaspace       used 129365K, capacity 132223K, committed 133172K, reserved 1165312K
  class space    used 15868K, capacity 16946K, committed 17280K, reserved 1048576K
}
Event: 2671.028 GC heap after
{Heap after GC invocations=50 (full 0):
 garbage-first heap   total 273408K, used 150813K [0x0000000080000000, 0x0000000100000000)
  region size 1024K, 8 young (8192K), 8 survivors (8192K)
 Metaspace       used 129365K, capacity 132223K, committed 133172K, reserved 1165312K
  class space    used 15868K, capacity 16946K, committed 17280K, reserved 1048576K
}
Event: 2671.192 GC heap before
{Heap before GC invocations=50 (full 0):
 garbage-first heap   total 273408K, used 209181K [0x0000000080000000, 0x0000000100000000)
  region size 1024K, 66 young (67584K), 8 survivors (8192K)
 Metaspace       used 130183K, capacity 133150K, committed 134068K, reserved 1167360K
  class space    used 15995K, capacity 17109K, committed 17408K, reserved 1048576K
}
Event: 2671.203 GC heap after
{Heap after GC invocations=51 (full 0):
 garbage-first heap   total 273408K, used 165469K [0x0000000080000000, 0x0000000100000000)
  region size 1024K, 9 young (9216K), 9 survivors (9216K)
 Metaspace       used 130183K, capacity 133150K, committed 134068K, reserved 1167360K
  class space    used 15995K, capacity 17109K, committed 17408K, reserved 1048576K
}
Event: 2671.478 GC heap before
{Heap before GC invocations=51 (full 0):
 garbage-first heap   total 273408K, used 216669K [0x0000000080000000, 0x0000000100000000)
  region size 1024K, 59 young (60416K), 9 survivors (9216K)
 Metaspace       used 131970K, capacity 135016K, committed 135604K, reserved 1167360K
  class space    used 16264K, capacity 17413K, committed 17664K, reserved 1048576K
}
Event: 2671.492 GC heap after
{Heap after GC invocations=52 (full 0):
 garbage-first heap   total 273408K, used 173720K [0x0000000080000000, 0x0000000100000000)
  region size 1024K, 8 young (8192K), 8 survivors (8192K)
 Metaspace       used 131970K, capacity 135016K, committed 135604K, reserved 1167360K
  class space    used 16264K, capacity 17413K, committed 17664K, reserved 1048576K
}
Event: 2671.749 GC heap before
{Heap before GC invocations=52 (full 0):
 garbage-first heap   total 273408K, used 222872K [0x0000000080000000, 0x0000000100000000)
  region size 1024K, 55 young (56320K), 8 survivors (8192K)
 Metaspace       used 133143K, capacity 136323K, committed 136756K, reserved 1169408K
  class space    used 16428K, capacity 17614K, committed 17792K, reserved 1048576K
}
Event: 2671.776 GC heap after
{Heap after GC invocations=53 (full 0):
 garbage-first heap   total 328704K, used 180433K [0x0000000080000000, 0x0000000100000000)
  region size 1024K, 7 young (7168K), 7 survivors (7168K)
 Metaspace       used 133143K, capacity 136323K, committed 136756K, reserved 1169408K
  class space    used 16428K, capacity 17614K, committed 17792K, reserved 1048576K
}
Event: 2672.006 GC heap before
{Heap before GC invocations=53 (full 0):
 garbage-first heap   total 328704K, used 242897K [0x0000000080000000, 0x0000000100000000)
  region size 1024K, 69 young (70656K), 7 survivors (7168K)
 Metaspace       used 134020K, capacity 137186K, committed 137396K, reserved 1169408K
  class space    used 16585K, capacity 17770K, committed 17920K, reserved 1048576K
}
Event: 2672.026 GC heap after
{Heap after GC invocations=54 (full 0):
 garbage-first heap   total 328704K, used 192229K [0x0000000080000000, 0x0000000100000000)
  region size 1024K, 9 young (9216K), 9 survivors (9216K)
 Metaspace       used 134020K, capacity 137186K, committed 137396K, reserved 1169408K
  class space    used 16585K, capacity 17770K, committed 17920K, reserved 1048576K
}
Event: 2672.159 GC heap before
{Heap before GC invocations=54 (full 0):
 garbage-first heap   total 328704K, used 252645K [0x0000000080000000, 0x0000000100000000)
  region size 1024K, 69 young (70656K), 9 survivors (9216K)
 Metaspace       used 135060K, capacity 138336K, committed 138548K, reserved 1169408K
  class space    used 16797K, capacity 18044K, committed 18048K, reserved 1048576K
}
Event: 2672.180 GC heap after
{Heap after GC invocations=55 (full 0):
 garbage-first heap   total 328704K, used 203395K [0x0000000080000000, 0x0000000100000000)
  region size 1024K, 9 young (9216K), 9 survivors (9216K)
 Metaspace       used 135060K, capacity 138336K, committed 138548K, reserved 1169408K
  class space    used 16797K, capacity 18044K, committed 18048K, reserved 1048576K
}
Event: 2672.580 GC heap before
{Heap before GC invocations=55 (full 0):
 garbage-first heap   total 328704K, used 260739K [0x0000000080000000, 0x0000000100000000)
  region size 1024K, 65 young (66560K), 9 survivors (9216K)
 Metaspace       used 137041K, capacity 140448K, committed 140468K, reserved 1171456K
  class space    used 17134K, capacity 18431K, committed 18432K, reserved 1048576K
}
Event: 2672.600 GC heap after
{Heap after GC invocations=56 (full 0):
 garbage-first heap   total 328704K, used 211087K [0x0000000080000000, 0x0000000100000000)
  region size 1024K, 7 young (7168K), 7 survivors (7168K)
 Metaspace       used 137041K, capacity 140448K, committed 140468K, reserved 1171456K
  class space    used 17134K, capacity 18431K, committed 18432K, reserved 1048576K
}
Event: 2672.804 GC heap before
{Heap before GC invocations=56 (full 0):
 garbage-first heap   total 328704K, used 266383K [0x0000000080000000, 0x0000000100000000)
  region size 1024K, 61 young (62464K), 7 survivors (7168K)
 Metaspace       used 137518K, capacity 140924K, committed 141108K, reserved 1171456K
  class space    used 17207K, capacity 18498K, committed 18560K, reserved 1048576K
}

